2025-06-02 17:28:24.512  INFO 3432 --- [main] c.a.AdminApplication                     : Starting AdminApplication using Java 17.0.12 on HeTong-Laptop with PID 3432 (D:\Code\IDEA\Intelligent_Teaching_Assistant\backend\target\classes started by zhang in D:\Code\IDEA\Intelligent_Teaching_Assistant)
2025-06-02 17:28:24.518  INFO 3432 --- [main] c.a.AdminApplication                     : No active profile set, falling back to 1 default profile: "default"
2025-06-02 17:28:25.434  INFO 3432 --- [main] o.s.b.w.e.t.TomcatWebServer              : Tomcat initialized with port(s): 8080 (http)
2025-06-02 17:28:25.551  INFO 3432 --- [main] w.s.c.ServletWebServerApplicationContext : Root WebApplicationContext: initialization completed in 998 ms
2025-06-02 17:28:26.305  INFO 3432 --- [main] o.s.s.w.DefaultSecurityFilterChain       : Will secure any request with [org.springframework.security.web.session.DisableEncodeUrlFilter@35ac9ebd, org.springframework.security.web.context.request.async.WebAsyncManagerIntegrationFilter@56c0a61e, org.springframework.security.web.context.SecurityContextPersistenceFilter@35e74e08, org.springframework.security.web.header.HeaderWriterFilter@7a572ea0, org.springframework.security.web.authentication.logout.LogoutFilter@7bf018dd, filter.config.com.hetongre4per.ita.JwtRequestFilter@35bd8bc9, org.springframework.security.web.savedrequest.RequestCacheAwareFilter@63f9ddf9, org.springframework.security.web.servletapi.SecurityContextHolderAwareRequestFilter@5d7f8467, org.springframework.security.web.authentication.AnonymousAuthenticationFilter@421ead7e, org.springframework.security.web.session.SessionManagementFilter@7159d601, org.springframework.security.web.access.ExceptionTranslationFilter@1144a02b, org.springframework.security.web.access.intercept.FilterSecurityInterceptor@3b6c2be6]
2025-06-02 17:28:26.575  INFO 3432 --- [main] o.s.b.w.e.t.TomcatWebServer              : Tomcat started on port(s): 8080 (http) with context path ''
2025-06-02 17:28:26.583  INFO 3432 --- [main] c.a.AdminApplication                     : Started AdminApplication in 2.513 seconds (JVM running for 3.356)
2025-06-02 17:31:50.250  INFO 3432 --- [http-nio-8080-exec-2] o.s.w.s.DispatcherServlet                : Initializing Servlet 'dispatcherServlet'
2025-06-02 17:31:50.251  INFO 3432 --- [http-nio-8080-exec-2] o.s.w.s.DispatcherServlet                : Completed initialization in 1 ms
2025-06-02 17:31:50.362  INFO 3432 --- [http-nio-8080-exec-1] c.z.h.HikariDataSource                   : HikariPool-1 - Starting...
2025-06-02 17:31:51.265  INFO 3432 --- [http-nio-8080-exec-1] c.z.h.HikariDataSource                   : HikariPool-1 - Start completed.
2025-06-02 17:31:51.943 ERROR 3432 --- [http-nio-8080-exec-5] c.a.m.c.c.CommonController               : 文件[pic/1_1748852563285.jpg]不存在..
2025-06-02 17:31:51.984 ERROR 3432 --- [http-nio-8080-exec-7] c.a.m.c.c.CommonController               : 文件[pic/1_1748852576160.jpg]不存在..
2025-06-02 17:31:51.995 ERROR 3432 --- [http-nio-8080-exec-10] c.a.m.c.c.CommonController               : 文件[pic/1_1748832209387.jpg]不存在..
2025-06-02 17:31:58.806 ERROR 3432 --- [http-nio-8080-exec-3] c.a.m.c.c.CommonController               : 文件[pic/1_1748832247266.jpg]不存在..
2025-06-02 17:31:58.840 ERROR 3432 --- [http-nio-8080-exec-4] c.a.m.c.c.CommonController               : 文件[pic/1_1748832773701.jpg]不存在..
2025-06-02 17:31:58.840 ERROR 3432 --- [http-nio-8080-exec-6] c.a.m.c.c.CommonController               : 文件[pic/1_1748832861583.jpg]不存在..
2025-06-02 17:31:58.844 ERROR 3432 --- [http-nio-8080-exec-2] c.a.m.c.c.CommonController               : 文件[pic/1_1748832209387.jpg]不存在..
2025-06-02 17:31:58.844 ERROR 3432 --- [http-nio-8080-exec-5] c.a.m.c.c.CommonController               : 文件[pic/1_1748832803179.jpg]不存在..
2025-06-02 17:31:58.851 ERROR 3432 --- [http-nio-8080-exec-7] c.a.m.c.c.CommonController               : 文件[pic/1_1748832881452.jpg]不存在..
2025-06-02 17:31:58.859 ERROR 3432 --- [http-nio-8080-exec-10] c.a.m.c.c.CommonController               : 文件[pic/1_1748832912605.jpg]不存在..
2025-06-02 17:31:58.892 ERROR 3432 --- [http-nio-8080-exec-9] c.a.m.c.c.CommonController               : 文件[pic/1_1748832932097.jpg]不存在..
2025-06-02 17:32:00.875 ERROR 3432 --- [http-nio-8080-exec-3] c.a.m.c.c.CommonController               : 文件[pic/1_1748852563285.jpg]不存在..
2025-06-02 17:32:00.905 ERROR 3432 --- [http-nio-8080-exec-6] c.a.m.c.c.CommonController               : 文件[pic/1_1748852576160.jpg]不存在..
2025-06-02 17:32:00.905 ERROR 3432 --- [http-nio-8080-exec-4] c.a.m.c.c.CommonController               : 文件[pic/1_1748832209387.jpg]不存在..
2025-06-02 17:32:02.803 ERROR 3432 --- [http-nio-8080-exec-8] c.a.m.c.c.CommonController               : 文件[pic/1_1748832803179.jpg]不存在..
2025-06-02 17:32:02.835 ERROR 3432 --- [http-nio-8080-exec-1] c.a.m.c.c.CommonController               : 文件[pic/1_1748832861583.jpg]不存在..
2025-06-02 17:32:02.836 ERROR 3432 --- [http-nio-8080-exec-3] c.a.m.c.c.CommonController               : 文件[pic/1_1748832881452.jpg]不存在..
2025-06-02 17:32:02.844 ERROR 3432 --- [http-nio-8080-exec-9] c.a.m.c.c.CommonController               : 文件[pic/1_1748832773701.jpg]不存在..
2025-06-02 17:32:02.845 ERROR 3432 --- [http-nio-8080-exec-10] c.a.m.c.c.CommonController               : 文件[pic/1_1748832247266.jpg]不存在..
2025-06-02 17:32:02.847 ERROR 3432 --- [http-nio-8080-exec-7] c.a.m.c.c.CommonController               : 文件[pic/1_1748832209387.jpg]不存在..
2025-06-02 17:32:02.849 ERROR 3432 --- [http-nio-8080-exec-6] c.a.m.c.c.CommonController               : 文件[pic/1_1748832912605.jpg]不存在..
2025-06-02 17:32:02.883 ERROR 3432 --- [http-nio-8080-exec-4] c.a.m.c.c.CommonController               : 文件[pic/1_1748832932097.jpg]不存在..
2025-06-02 18:30:32.168  INFO 3432 --- [SpringApplicationShutdownHook] c.z.h.HikariDataSource                   : HikariPool-1 - Shutdown initiated...
2025-06-02 18:30:32.565  INFO 3432 --- [SpringApplicationShutdownHook] c.z.h.HikariDataSource                   : HikariPool-1 - Shutdown completed.
2025-06-04 15:08:07.658  INFO 18704 --- [main] c.a.AdminApplication                     : Starting AdminApplication using Java 17.0.12 on HeTong-Laptop with PID 18704 (D:\Code\IDEA\Intelligent_Teaching_Assistant\backend\target\classes started by zhang in D:\Code\IDEA\Intelligent_Teaching_Assistant)
2025-06-04 15:08:07.670  INFO 18704 --- [main] c.a.AdminApplication                     : No active profile set, falling back to 1 default profile: "default"
2025-06-04 15:08:09.031  INFO 18704 --- [main] o.s.b.w.e.t.TomcatWebServer              : Tomcat initialized with port(s): 8080 (http)
2025-06-04 15:08:09.207  INFO 18704 --- [main] w.s.c.ServletWebServerApplicationContext : Root WebApplicationContext: initialization completed in 1470 ms
2025-06-04 15:08:10.353  INFO 18704 --- [main] o.s.s.w.DefaultSecurityFilterChain       : Will secure any request with [org.springframework.security.web.session.DisableEncodeUrlFilter@57c69937, org.springframework.security.web.context.request.async.WebAsyncManagerIntegrationFilter@1ad1c363, org.springframework.security.web.context.SecurityContextPersistenceFilter@7159d601, org.springframework.security.web.header.HeaderWriterFilter@1894fa9f, org.springframework.security.web.authentication.logout.LogoutFilter@250967f1, filter.config.com.hetongre4per.ita.JwtRequestFilter@35bd8bc9, org.springframework.security.web.savedrequest.RequestCacheAwareFilter@33d230ce, org.springframework.security.web.servletapi.SecurityContextHolderAwareRequestFilter@4e17442f, org.springframework.security.web.authentication.AnonymousAuthenticationFilter@446b64b3, org.springframework.security.web.session.SessionManagementFilter@26a4f9ed, org.springframework.security.web.access.ExceptionTranslationFilter@37b01ce2, org.springframework.security.web.access.intercept.FilterSecurityInterceptor@36551e97]
2025-06-04 15:08:10.762  INFO 18704 --- [main] o.s.b.w.e.t.TomcatWebServer              : Tomcat started on port(s): 8080 (http) with context path ''
2025-06-04 15:08:10.772  INFO 18704 --- [main] c.a.AdminApplication                     : Started AdminApplication in 3.847 seconds (JVM running for 5.171)
2025-06-04 15:09:12.142  INFO 18704 --- [http-nio-8080-exec-1] o.s.w.s.DispatcherServlet                : Initializing Servlet 'dispatcherServlet'
2025-06-04 15:09:12.143  INFO 18704 --- [http-nio-8080-exec-1] o.s.w.s.DispatcherServlet                : Completed initialization in 1 ms
2025-06-04 15:09:24.994  INFO 18704 --- [http-nio-8080-exec-2] c.z.h.HikariDataSource                   : HikariPool-1 - Starting...
2025-06-04 15:09:27.566  INFO 18704 --- [http-nio-8080-exec-2] c.z.h.HikariDataSource                   : HikariPool-1 - Start completed.
2025-06-04 15:16:01.377  WARN 18704 --- [http-nio-8080-exec-5] c.z.h.p.PoolBase                         : HikariPool-1 - Failed to validate connection com.mysql.cj.jdbc.ConnectionImpl@ee68544 (No operations allowed after connection closed.). Possibly consider using a shorter maxLifetime value.
2025-06-04 15:16:01.870  WARN 18704 --- [http-nio-8080-exec-6] c.z.h.p.PoolBase                         : HikariPool-1 - Failed to validate connection com.mysql.cj.jdbc.ConnectionImpl@43cfcbae (No operations allowed after connection closed.). Possibly consider using a shorter maxLifetime value.
2025-06-04 15:16:10.505  WARN 18704 --- [http-nio-8080-exec-7] c.z.h.p.PoolBase                         : HikariPool-1 - Failed to validate connection com.mysql.cj.jdbc.ConnectionImpl@4ac0a1b5 (No operations allowed after connection closed.). Possibly consider using a shorter maxLifetime value.
2025-06-04 15:16:10.505  WARN 18704 --- [http-nio-8080-exec-8] c.z.h.p.PoolBase                         : HikariPool-1 - Failed to validate connection com.mysql.cj.jdbc.ConnectionImpl@43fc2dc9 (No operations allowed after connection closed.). Possibly consider using a shorter maxLifetime value.
2025-06-04 15:16:11.007  WARN 18704 --- [http-nio-8080-exec-9] c.z.h.p.PoolBase                         : HikariPool-1 - Failed to validate connection com.mysql.cj.jdbc.ConnectionImpl@58bda098 (No operations allowed after connection closed.). Possibly consider using a shorter maxLifetime value.
2025-06-04 15:16:11.392  WARN 18704 --- [http-nio-8080-exec-5] c.z.h.p.PoolBase                         : HikariPool-1 - Failed to validate connection com.mysql.cj.jdbc.ConnectionImpl@1bcfad07 (No operations allowed after connection closed.). Possibly consider using a shorter maxLifetime value.
2025-06-04 15:49:06.752 ERROR 18704 --- [http-nio-8080-exec-3] c.a.m.c.c.CommonController               : 文件[https://example.com/avatars/wang.jpg]不存在..
2025-06-04 15:49:06.899 ERROR 18704 --- [http-nio-8080-exec-8] c.a.m.c.c.CommonController               : 文件[https://example.com/avatars/zhao.jpg]不存在..
2025-06-04 15:49:06.899 ERROR 18704 --- [http-nio-8080-exec-9] c.a.m.c.c.CommonController               : 文件[https://example.com/avatars/zhang.jpg]不存在..
2025-06-04 15:49:06.902 ERROR 18704 --- [http-nio-8080-exec-2] c.a.m.c.c.CommonController               : 文件[https://example.com/avatars/qian.jpg]不存在..
2025-06-04 15:49:06.902 ERROR 18704 --- [http-nio-8080-exec-6] c.a.m.c.c.CommonController               : 文件[https://example.com/avatars/li.jpg]不存在..
2025-06-04 15:49:07.212 ERROR 18704 --- [http-nio-8080-exec-1] c.a.m.c.c.CommonController               : 文件[https://example.com/avatars/wang.jpg]不存在..
2025-06-04 15:49:07.212 ERROR 18704 --- [http-nio-8080-exec-3] c.a.m.c.c.CommonController               : 文件[https://example.com/avatars/zhang.jpg]不存在..
2025-06-04 15:49:07.212 ERROR 18704 --- [http-nio-8080-exec-5] c.a.m.c.c.CommonController               : 文件[https://example.com/avatars/zhao.jpg]不存在..
2025-06-04 15:49:52.264 ERROR 18704 --- [http-nio-8080-exec-8] c.a.m.c.c.CommonController               : 文件[https://example.com/avatars/wang.jpg]不存在..
2025-06-04 15:49:52.273 ERROR 18704 --- [http-nio-8080-exec-2] c.a.m.c.c.CommonController               : 文件[https://example.com/avatars/qian.jpg]不存在..
2025-06-04 15:49:52.365 ERROR 18704 --- [http-nio-8080-exec-1] c.a.m.c.c.CommonController               : 文件[https://example.com/avatars/li.jpg]不存在..
2025-06-04 15:49:52.365 ERROR 18704 --- [http-nio-8080-exec-9] c.a.m.c.c.CommonController               : 文件[https://example.com/avatars/zhao.jpg]不存在..
2025-06-04 15:49:52.365 ERROR 18704 --- [http-nio-8080-exec-10] c.a.m.c.c.CommonController               : 文件[https://example.com/avatars/zhang.jpg]不存在..
2025-06-04 15:49:52.775 ERROR 18704 --- [http-nio-8080-exec-2] c.a.m.c.c.CommonController               : 文件[https://example.com/avatars/li.jpg]不存在..
2025-06-04 15:49:52.775 ERROR 18704 --- [http-nio-8080-exec-8] c.a.m.c.c.CommonController               : 文件[https://example.com/avatars/wang.jpg]不存在..
2025-06-04 15:49:52.775 ERROR 18704 --- [http-nio-8080-exec-4] c.a.m.c.c.CommonController               : 文件[https://example.com/avatars/zhang.jpg]不存在..
2025-06-04 15:49:52.775 ERROR 18704 --- [http-nio-8080-exec-3] c.a.m.c.c.CommonController               : 文件[https://example.com/avatars/zhao.jpg]不存在..
2025-06-04 15:49:52.775 ERROR 18704 --- [http-nio-8080-exec-5] c.a.m.c.c.CommonController               : 文件[https://example.com/avatars/qian.jpg]不存在..
2025-06-04 16:07:45.510  INFO 18704 --- [SpringApplicationShutdownHook] c.z.h.HikariDataSource                   : HikariPool-1 - Shutdown initiated...
2025-06-04 16:07:46.591  INFO 18704 --- [SpringApplicationShutdownHook] c.z.h.HikariDataSource                   : HikariPool-1 - Shutdown completed.
2025-06-04 16:08:54.711  INFO 5504 --- [main] c.a.AdminApplication                     : Starting AdminApplication using Java 17.0.12 on HeTong-Laptop with PID 5504 (D:\Code\IDEA\Intelligent_Teaching_Assistant\backend\target\classes started by zhang in D:\Code\IDEA\Intelligent_Teaching_Assistant)
2025-06-04 16:08:54.723  INFO 5504 --- [main] c.a.AdminApplication                     : No active profile set, falling back to 1 default profile: "default"
2025-06-04 16:08:56.242  INFO 5504 --- [main] o.s.b.w.e.t.TomcatWebServer              : Tomcat initialized with port(s): 8080 (http)
2025-06-04 16:08:56.427  INFO 5504 --- [main] w.s.c.ServletWebServerApplicationContext : Root WebApplicationContext: initialization completed in 1649 ms
2025-06-04 16:08:57.772  INFO 5504 --- [main] o.s.s.w.DefaultSecurityFilterChain       : Will secure any request with [org.springframework.security.web.session.DisableEncodeUrlFilter@4df7d9ee, org.springframework.security.web.context.request.async.WebAsyncManagerIntegrationFilter@781dac73, org.springframework.security.web.context.SecurityContextPersistenceFilter@5d7f8467, org.springframework.security.web.header.HeaderWriterFilter@63f9ddf9, org.springframework.security.web.authentication.logout.LogoutFilter@661e1399, filter.config.com.hetongre4per.ita.JwtRequestFilter@517704, org.springframework.security.web.savedrequest.RequestCacheAwareFilter@7caf1e5, org.springframework.security.web.servletapi.SecurityContextHolderAwareRequestFilter@2eb1c615, org.springframework.security.web.authentication.AnonymousAuthenticationFilter@3a4e524, org.springframework.security.web.session.SessionManagementFilter@4e17442f, org.springframework.security.web.access.ExceptionTranslationFilter@35e74e08, org.springframework.security.web.access.intercept.FilterSecurityInterceptor@1ad1c363]
2025-06-04 16:08:58.279  INFO 5504 --- [main] o.s.b.w.e.t.TomcatWebServer              : Tomcat started on port(s): 8080 (http) with context path ''
2025-06-04 16:08:58.292  INFO 5504 --- [main] c.a.AdminApplication                     : Started AdminApplication in 4.202 seconds (JVM running for 5.279)
2025-06-04 16:08:59.501  INFO 5504 --- [http-nio-8080-exec-3] o.s.w.s.DispatcherServlet                : Initializing Servlet 'dispatcherServlet'
2025-06-04 16:08:59.502  INFO 5504 --- [http-nio-8080-exec-3] o.s.w.s.DispatcherServlet                : Completed initialization in 1 ms
2025-06-04 16:08:59.641  INFO 5504 --- [http-nio-8080-exec-3] c.z.h.HikariDataSource                   : HikariPool-1 - Starting...
2025-06-04 16:09:01.144  INFO 5504 --- [http-nio-8080-exec-3] c.z.h.HikariDataSource                   : HikariPool-1 - Start completed.
2025-06-04 16:34:33.750  WARN 5504 --- [HikariPool-1 housekeeper] c.z.h.p.HikariPool                       : HikariPool-1 - Thread starvation or clock leap detected (housekeeper delta=14m32s348ms28µs900ns).
2025-06-04 16:34:36.634  INFO 5504 --- [SpringApplicationShutdownHook] c.z.h.HikariDataSource                   : HikariPool-1 - Shutdown initiated...
2025-06-04 16:34:36.643  INFO 5504 --- [SpringApplicationShutdownHook] c.z.h.HikariDataSource                   : HikariPool-1 - Shutdown completed.
2025-06-05 16:03:17.218  INFO 25468 --- [main] c.a.AdminApplication                     : Starting AdminApplication using Java 17.0.12 on HeTong-Laptop with PID 25468 (D:\Code\IDEA\Intelligent_Teaching_Assistant\backend\target\classes started by zhang in D:\Code\IDEA\Intelligent_Teaching_Assistant)
2025-06-05 16:03:17.227  INFO 25468 --- [main] c.a.AdminApplication                     : No active profile set, falling back to 1 default profile: "default"
2025-06-05 16:03:18.339  INFO 25468 --- [main] o.s.b.w.e.t.TomcatWebServer              : Tomcat initialized with port(s): 8080 (http)
2025-06-05 16:03:18.458  INFO 25468 --- [main] w.s.c.ServletWebServerApplicationContext : Root WebApplicationContext: initialization completed in 1186 ms
2025-06-05 16:03:19.217  INFO 25468 --- [main] o.s.s.w.DefaultSecurityFilterChain       : Will secure any request with [org.springframework.security.web.session.DisableEncodeUrlFilter@1ad1c363, org.springframework.security.web.context.request.async.WebAsyncManagerIntegrationFilter@446b64b3, org.springframework.security.web.context.SecurityContextPersistenceFilter@70b33256, org.springframework.security.web.header.HeaderWriterFilter@1144a02b, org.springframework.security.web.authentication.logout.LogoutFilter@25c1f5ee, filter.config.com.hetongre4per.ita.JwtRequestFilter@1472208d, org.springframework.security.web.savedrequest.RequestCacheAwareFilter@35e74e08, org.springframework.security.web.servletapi.SecurityContextHolderAwareRequestFilter@4f5c30b1, org.springframework.security.web.authentication.AnonymousAuthenticationFilter@35ac9ebd, org.springframework.security.web.session.SessionManagementFilter@7a572ea0, org.springframework.security.web.access.ExceptionTranslationFilter@1a88c4f5, org.springframework.security.web.access.intercept.FilterSecurityInterceptor@685d7ba5]
2025-06-05 16:03:19.513  INFO 25468 --- [main] o.s.b.w.e.t.TomcatWebServer              : Tomcat started on port(s): 8080 (http) with context path ''
2025-06-05 16:03:19.521  INFO 25468 --- [main] c.a.AdminApplication                     : Started AdminApplication in 2.826 seconds (JVM running for 3.829)
2025-06-05 16:03:26.339  INFO 25468 --- [http-nio-8080-exec-3] o.s.w.s.DispatcherServlet                : Initializing Servlet 'dispatcherServlet'
2025-06-05 16:03:26.341  INFO 25468 --- [http-nio-8080-exec-3] o.s.w.s.DispatcherServlet                : Completed initialization in 1 ms
2025-06-05 16:03:26.464  INFO 25468 --- [http-nio-8080-exec-2] c.z.h.HikariDataSource                   : HikariPool-1 - Starting...
2025-06-05 16:03:27.617  INFO 25468 --- [http-nio-8080-exec-2] c.z.h.HikariDataSource                   : HikariPool-1 - Start completed.
2025-06-05 16:04:29.630  INFO 25468 --- [SpringApplicationShutdownHook] c.z.h.HikariDataSource                   : HikariPool-1 - Shutdown initiated...
2025-06-05 16:04:30.027  INFO 25468 --- [SpringApplicationShutdownHook] c.z.h.HikariDataSource                   : HikariPool-1 - Shutdown completed.
2025-06-05 16:12:23.721  INFO 21156 --- [main] c.h.i.AdminApplication                   : Starting AdminApplication using Java 17.0.12 on HeTong-Laptop with PID 21156 (D:\Code\IDEA\Intelligent_Teaching_Assistant\backend\target\classes started by zhang in D:\Code\IDEA\Intelligent_Teaching_Assistant)
2025-06-05 16:12:23.727  INFO 21156 --- [main] c.h.i.AdminApplication                   : No active profile set, falling back to 1 default profile: "default"
2025-06-05 16:12:24.172  WARN 21156 --- [main] o.m.s.m.ClassPathMapperScanner           : No MyBatis mapper was found in '[com.aikan.modules.*.mapper]' package. Please check your configuration.
2025-06-05 16:12:24.452  INFO 21156 --- [main] o.s.b.w.e.t.TomcatWebServer              : Tomcat initialized with port(s): 8080 (http)
2025-06-05 16:12:24.595  INFO 21156 --- [main] w.s.c.ServletWebServerApplicationContext : Root WebApplicationContext: initialization completed in 832 ms
2025-06-05 16:12:25.402  WARN 21156 --- [main] .s.s.UserDetailsServiceAutoConfiguration : 

Using generated security password: 1c9670b0-f1ed-426f-bfa3-6d833a5556ec

This generated password is for development use only. Your security configuration must be updated before running your application in production.

2025-06-05 16:12:25.491  INFO 21156 --- [main] o.s.s.w.DefaultSecurityFilterChain       : Will secure any request with [org.springframework.security.web.session.DisableEncodeUrlFilter@2bb717d7, org.springframework.security.web.context.request.async.WebAsyncManagerIntegrationFilter@7afe0e67, org.springframework.security.web.context.SecurityContextPersistenceFilter@6734ff92, org.springframework.security.web.header.HeaderWriterFilter@3af36922, org.springframework.security.web.csrf.CsrfFilter@76e6c070, org.springframework.security.web.authentication.logout.LogoutFilter@538b3c88, org.springframework.security.web.authentication.UsernamePasswordAuthenticationFilter@74b1838, org.springframework.security.web.authentication.ui.DefaultLoginPageGeneratingFilter@3dea226b, org.springframework.security.web.authentication.ui.DefaultLogoutPageGeneratingFilter@6121a7dd, org.springframework.security.web.authentication.www.BasicAuthenticationFilter@21be14c2, org.springframework.security.web.savedrequest.RequestCacheAwareFilter@4ce267cc, org.springframework.security.web.servletapi.SecurityContextHolderAwareRequestFilter@2eebce87, org.springframework.security.web.authentication.AnonymousAuthenticationFilter@31228d83, org.springframework.security.web.session.SessionManagementFilter@474e34e4, org.springframework.security.web.access.ExceptionTranslationFilter@18c7f6b5, org.springframework.security.web.access.intercept.FilterSecurityInterceptor@23f60b7d]
2025-06-05 16:12:25.537  INFO 21156 --- [main] o.s.b.w.e.t.TomcatWebServer              : Tomcat started on port(s): 8080 (http) with context path ''
2025-06-05 16:12:25.545  INFO 21156 --- [main] c.h.i.AdminApplication                   : Started AdminApplication in 2.202 seconds (JVM running for 2.9)
2025-06-05 16:12:36.209  INFO 21156 --- [http-nio-8080-exec-3] o.s.w.s.DispatcherServlet                : Initializing Servlet 'dispatcherServlet'
2025-06-05 16:12:36.211  INFO 21156 --- [http-nio-8080-exec-3] o.s.w.s.DispatcherServlet                : Completed initialization in 1 ms
2025-06-05 18:28:42.722  INFO 9684 --- [main] c.h.i.AdminApplication                   : Starting AdminApplication using Java 17.0.12 on HeTong-Laptop with PID 9684 (D:\Code\IDEA\Intelligent_Teaching_Assistant\backend\target\classes started by zhang in D:\Code\IDEA\Intelligent_Teaching_Assistant)
2025-06-05 18:28:42.733  INFO 9684 --- [main] c.h.i.AdminApplication                   : No active profile set, falling back to 1 default profile: "default"
2025-06-05 18:28:43.326  WARN 9684 --- [main] o.m.s.m.ClassPathMapperScanner           : No MyBatis mapper was found in '[com.aikan.modules.*.mapper]' package. Please check your configuration.
2025-06-05 18:28:43.659  INFO 9684 --- [main] o.s.b.w.e.t.TomcatWebServer              : Tomcat initialized with port(s): 8080 (http)
2025-06-05 18:28:43.772  INFO 9684 --- [main] w.s.c.ServletWebServerApplicationContext : Root WebApplicationContext: initialization completed in 983 ms
2025-06-05 18:28:44.743  WARN 9684 --- [main] .s.s.UserDetailsServiceAutoConfiguration : 

Using generated security password: bf17e449-3792-4996-99c6-de12409e5062

This generated password is for development use only. Your security configuration must be updated before running your application in production.

2025-06-05 18:28:44.836  INFO 9684 --- [main] o.s.s.w.DefaultSecurityFilterChain       : Will secure any request with [org.springframework.security.web.session.DisableEncodeUrlFilter@2c8ff67, org.springframework.security.web.context.request.async.WebAsyncManagerIntegrationFilter@21733cbe, org.springframework.security.web.context.SecurityContextPersistenceFilter@18c7f6b5, org.springframework.security.web.header.HeaderWriterFilter@4e50ae56, org.springframework.security.web.csrf.CsrfFilter@5773d271, org.springframework.security.web.authentication.logout.LogoutFilter@1a717d79, org.springframework.security.web.authentication.UsernamePasswordAuthenticationFilter@5e37fb82, org.springframework.security.web.authentication.ui.DefaultLoginPageGeneratingFilter@51eb0e84, org.springframework.security.web.authentication.ui.DefaultLogoutPageGeneratingFilter@77ccded4, org.springframework.security.web.authentication.www.BasicAuthenticationFilter@3302035b, org.springframework.security.web.savedrequest.RequestCacheAwareFilter@3af36922, org.springframework.security.web.servletapi.SecurityContextHolderAwareRequestFilter@609b041c, org.springframework.security.web.authentication.AnonymousAuthenticationFilter@64c8fcfb, org.springframework.security.web.session.SessionManagementFilter@9be7319, org.springframework.security.web.access.ExceptionTranslationFilter@615e83ac, org.springframework.security.web.access.intercept.FilterSecurityInterceptor@bf2aa32]
2025-06-05 18:28:44.892  INFO 9684 --- [main] o.s.b.w.e.t.TomcatWebServer              : Tomcat started on port(s): 8080 (http) with context path ''
2025-06-05 18:28:44.901  INFO 9684 --- [main] c.h.i.AdminApplication                   : Started AdminApplication in 2.793 seconds (JVM running for 3.582)
2025-06-05 18:28:51.421  INFO 9684 --- [http-nio-8080-exec-3] o.s.w.s.DispatcherServlet                : Initializing Servlet 'dispatcherServlet'
2025-06-05 18:28:51.422  INFO 9684 --- [http-nio-8080-exec-3] o.s.w.s.DispatcherServlet                : Completed initialization in 1 ms
2025-06-05 18:31:34.553  INFO 5724 --- [main] c.h.i.AdminApplication                   : Starting AdminApplication using Java 17.0.12 on HeTong-Laptop with PID 5724 (D:\Code\IDEA\Intelligent_Teaching_Assistant\backend\target\classes started by zhang in D:\Code\IDEA\Intelligent_Teaching_Assistant)
2025-06-05 18:31:34.560  INFO 5724 --- [main] c.h.i.AdminApplication                   : No active profile set, falling back to 1 default profile: "default"
2025-06-05 18:31:35.749  INFO 5724 --- [main] o.s.b.w.e.t.TomcatWebServer              : Tomcat initialized with port(s): 8080 (http)
2025-06-05 18:31:35.891  INFO 5724 --- [main] w.s.c.ServletWebServerApplicationContext : Root WebApplicationContext: initialization completed in 1294 ms
2025-06-05 18:31:36.660  INFO 5724 --- [main] o.s.s.w.DefaultSecurityFilterChain       : Will secure any request with [org.springframework.security.web.session.DisableEncodeUrlFilter@446b64b3, org.springframework.security.web.context.request.async.WebAsyncManagerIntegrationFilter@35ac9ebd, org.springframework.security.web.context.SecurityContextPersistenceFilter@33d230ce, org.springframework.security.web.header.HeaderWriterFilter@26a4f9ed, org.springframework.security.web.authentication.logout.LogoutFilter@4bce62b, com.hetongre4per.ita.config.filter.JwtRequestFilter@45d56062, org.springframework.security.web.savedrequest.RequestCacheAwareFilter@a316f6b, org.springframework.security.web.servletapi.SecurityContextHolderAwareRequestFilter@62e73ab6, org.springframework.security.web.authentication.AnonymousAuthenticationFilter@56c0a61e, org.springframework.security.web.session.SessionManagementFilter@45287377, org.springframework.security.web.access.ExceptionTranslationFilter@1894fa9f, org.springframework.security.web.access.intercept.FilterSecurityInterceptor@16d41725]
2025-06-05 18:31:36.916  INFO 5724 --- [main] o.s.b.w.e.t.TomcatWebServer              : Tomcat started on port(s): 8080 (http) with context path ''
2025-06-05 18:31:36.924  INFO 5724 --- [main] c.h.i.AdminApplication                   : Started AdminApplication in 2.757 seconds (JVM running for 3.467)
2025-06-05 18:31:50.860  INFO 5724 --- [http-nio-8080-exec-1] o.s.w.s.DispatcherServlet                : Initializing Servlet 'dispatcherServlet'
2025-06-05 18:31:50.862  INFO 5724 --- [http-nio-8080-exec-1] o.s.w.s.DispatcherServlet                : Completed initialization in 1 ms
2025-06-05 18:31:50.987  INFO 5724 --- [http-nio-8080-exec-1] c.z.h.HikariDataSource                   : HikariPool-1 - Starting...
2025-06-05 18:31:52.190  INFO 5724 --- [http-nio-8080-exec-1] c.z.h.HikariDataSource                   : HikariPool-1 - Start completed.
2025-06-05 18:32:59.349  WARN 5724 --- [http-nio-8080-exec-1] c.b.m.c.t.s.ReflectLambdaMeta            : Unable to make field private final java.lang.Class java.lang.invoke.SerializedLambda.capturingClass accessible: module java.base does not "opens java.lang.invoke" to unnamed module @3c0be339
2025-06-05 18:39:10.676 ERROR 5724 --- [http-nio-8080-exec-2] c.h.i.m.c.c.CommonController             : 文件[https://example.com/avatars/zhao.jpg]不存在..
2025-06-05 18:39:10.704 ERROR 5724 --- [http-nio-8080-exec-7] c.h.i.m.c.c.CommonController             : 文件[https://example.com/avatars/wang.jpg]不存在..
2025-06-05 18:39:10.712 ERROR 5724 --- [http-nio-8080-exec-9] c.h.i.m.c.c.CommonController             : 文件[https://example.com/avatars/li.jpg]不存在..
2025-06-05 18:39:10.717 ERROR 5724 --- [http-nio-8080-exec-8] c.h.i.m.c.c.CommonController             : 文件[https://example.com/avatars/zhang.jpg]不存在..
2025-06-05 18:39:10.719 ERROR 5724 --- [http-nio-8080-exec-1] c.h.i.m.c.c.CommonController             : 文件[https://example.com/avatars/qian.jpg]不存在..
2025-06-05 18:39:11.118 ERROR 5724 --- [http-nio-8080-exec-5] c.h.i.m.c.c.CommonController             : 文件[https://example.com/avatars/zhao.jpg]不存在..
2025-06-05 18:39:11.118 ERROR 5724 --- [http-nio-8080-exec-10] c.h.i.m.c.c.CommonController             : 文件[https://example.com/avatars/zhang.jpg]不存在..
2025-06-05 18:39:11.118 ERROR 5724 --- [http-nio-8080-exec-7] c.h.i.m.c.c.CommonController             : 文件[https://example.com/avatars/li.jpg]不存在..
2025-06-05 18:39:11.120 ERROR 5724 --- [http-nio-8080-exec-4] c.h.i.m.c.c.CommonController             : 文件[https://example.com/avatars/qian.jpg]不存在..
2025-06-05 18:39:11.121 ERROR 5724 --- [http-nio-8080-exec-2] c.h.i.m.c.c.CommonController             : 文件[https://example.com/avatars/wang.jpg]不存在..
2025-06-05 19:27:32.117  INFO 5724 --- [SpringApplicationShutdownHook] c.z.h.HikariDataSource                   : HikariPool-1 - Shutdown initiated...
2025-06-05 19:27:32.589  INFO 5724 --- [SpringApplicationShutdownHook] c.z.h.HikariDataSource                   : HikariPool-1 - Shutdown completed.
2025-06-09 15:56:15.404  INFO 8800 --- [main] c.h.i.AdminApplication                   : Starting AdminApplication using Java 17.0.12 on HeTong-Laptop with PID 8800 (D:\Code\IDEA\Intelligent_Teaching_Assistant\backend\target\classes started by zhang in D:\Code\IDEA\Intelligent_Teaching_Assistant)
2025-06-09 15:56:15.413  INFO 8800 --- [main] c.h.i.AdminApplication                   : No active profile set, falling back to 1 default profile: "default"
2025-06-09 15:56:16.538  INFO 8800 --- [main] o.s.b.w.e.t.TomcatWebServer              : Tomcat initialized with port(s): 8080 (http)
2025-06-09 15:56:16.667  INFO 8800 --- [main] w.s.c.ServletWebServerApplicationContext : Root WebApplicationContext: initialization completed in 1218 ms
2025-06-09 15:56:17.577  INFO 8800 --- [main] o.s.s.w.DefaultSecurityFilterChain       : Will secure any request with [org.springframework.security.web.session.DisableEncodeUrlFilter@446b64b3, org.springframework.security.web.context.request.async.WebAsyncManagerIntegrationFilter@35ac9ebd, org.springframework.security.web.context.SecurityContextPersistenceFilter@33d230ce, org.springframework.security.web.header.HeaderWriterFilter@26a4f9ed, org.springframework.security.web.authentication.logout.LogoutFilter@4bce62b, com.hetongre4per.ita.config.filter.JwtRequestFilter@1472208d, org.springframework.security.web.savedrequest.RequestCacheAwareFilter@a316f6b, org.springframework.security.web.servletapi.SecurityContextHolderAwareRequestFilter@62e73ab6, org.springframework.security.web.authentication.AnonymousAuthenticationFilter@56c0a61e, org.springframework.security.web.session.SessionManagementFilter@45287377, org.springframework.security.web.access.ExceptionTranslationFilter@1894fa9f, org.springframework.security.web.access.intercept.FilterSecurityInterceptor@16d41725]
2025-06-09 15:56:17.965  INFO 8800 --- [main] o.s.b.w.e.t.TomcatWebServer              : Tomcat started on port(s): 8080 (http) with context path ''
2025-06-09 15:56:17.976  INFO 8800 --- [main] c.h.i.AdminApplication                   : Started AdminApplication in 3.097 seconds (JVM running for 3.966)
2025-06-09 15:56:25.879  INFO 8800 --- [http-nio-8080-exec-1] o.s.w.s.DispatcherServlet                : Initializing Servlet 'dispatcherServlet'
2025-06-09 15:56:25.881  INFO 8800 --- [http-nio-8080-exec-1] o.s.w.s.DispatcherServlet                : Completed initialization in 1 ms
2025-06-09 15:56:26.080  INFO 8800 --- [http-nio-8080-exec-1] c.z.h.HikariDataSource                   : HikariPool-1 - Starting...
2025-06-09 15:56:27.466  INFO 8800 --- [http-nio-8080-exec-1] c.z.h.HikariDataSource                   : HikariPool-1 - Start completed.
